<?xml version="1.0" encoding="UTF-8"?>
<!-- Generated by org.testng.reporters.JUnitXMLReporter -->
<testsuite ignored="0" hostname="LAPTOP-IEP6LQJE" failures="0" tests="8" name="Default test" time="17.008" errors="0" timestamp="2025-12-09T14:58:08 IST">
  <testcase classname="tests.FlipkartTests" name="launchFlipkartAndVerifyTitle" time="0.027"/>
  <testcase classname="tests.FlipkartTests" name="handleLoginPopup" time="2.759"/>
  <testcase classname="tests.FlipkartTests" name="searchProduct" time="1.214"/>
  <testcase classname="tests.FlipkartTests" name="captureProductListings" time="0.262"/>
  <testcase classname="tests.FlipkartTests" name="clickFirstProductAndHandleTab" time="3.148"/>
  <testcase classname="tests.FlipkartTests" name="verifyProductDetails" time="0.066"/>
  <testcase classname="tests.FlipkartTests" name="takeScreenshot" time="2.289"/>
  <testcase classname="tests.FlipkartTests" name="mouseHoverMenu" time="2.369"/>
</testsuite> <!-- Default test -->
