<?xml version="1.0" encoding="UTF-8"?>
<!-- Generated by org.testng.reporters.JUnitReportReporter -->
<testsuite hostname="LAPTOP-IEP6LQJE" failures="0" tests="8" name="tests.FlipkartTests" time="12.717" errors="0" timestamp="2025-12-10T10:11:02 IST" skipped="0">
  <testcase classname="tests.FlipkartTests" name="launchFlipkartAndVerifyTitle" time="0.016"/>
  <testcase classname="tests.FlipkartTests" name="handleLoginPopup" time="2.850"/>
  <testcase classname="tests.FlipkartTests" name="searchProduct" time="1.319"/>
  <testcase classname="tests.FlipkartTests" name="captureProductListings" time="0.460"/>
  <testcase classname="tests.FlipkartTests" name="clickFirstProductAndHandleTab" time="3.195"/>
  <testcase classname="tests.FlipkartTests" name="verifyProductDetails" time="0.080"/>
  <testcase classname="tests.FlipkartTests" name="takeScreenshot" time="2.381"/>
  <testcase classname="tests.FlipkartTests" name="mouseHoverMenu" time="2.416"/>
</testsuite> <!-- tests.FlipkartTests -->
